The system is: Linux - 5.13.1-187.current - x86_64
Compiling the C compiler identification source file "CMakeCCompilerId.c" succeeded.
Compiler: /usr/bin/cc 
Build flags: 
Id flags:  

The output was:
0


Compilation of the C compiler identification source "CMakeCCompilerId.c" produced "a.out"

The C compiler identification is GNU, found in "/home/solus-workstation/CLionProjects/untitled2/cmake-build-debug/CMakeFiles/3.20.2/CompilerIdC/a.out"

Compiling the CXX compiler identification source file "CMakeCXXCompilerId.cpp" succeeded.
Compiler: /usr/bin/c++ 
Build flags: 
Id flags:  

The output was:
0


Compilation of the CXX compiler identification source "CMakeCXXCompilerId.cpp" produced "a.out"

The CXX compiler identification is GNU, found in "/home/solus-workstation/CLionProjects/untitled2/cmake-build-debug/CMakeFiles/3.20.2/CompilerIdCXX/a.out"

Detecting C compiler ABI info compiled with the following output:
Change Dir: /home/solus-workstation/CLionProjects/untitled2/cmake-build-debug/CMakeFiles/CMakeTmp

Run Build Command(s):/usr/bin/gmake -f Makefile cmTC_1c083/fast && /usr/bin/gmake  -f CMakeFiles/cmTC_1c083.dir/build.make CMakeFiles/cmTC_1c083.dir/build
gmake[1]: Entering directory '/home/solus-workstation/CLionProjects/untitled2/cmake-build-debug/CMakeFiles/CMakeTmp'
Building C object CMakeFiles/cmTC_1c083.dir/CMakeCCompilerABI.c.o
/usr/bin/cc   -v -o CMakeFiles/cmTC_1c083.dir/CMakeCCompilerABI.c.o -c /home/solus-workstation/.local/share/JetBrains/Toolbox/apps/CLion/ch-0/212.4746.93/bin/cmake/linux/share/cmake-3.20/Modules/CMakeCCompilerABI.c
Using built-in specs.
COLLECT_GCC=/usr/bin/cc
Target: x86_64-solus-linux
Configured with: ../configure --prefix=/usr --with-pkgversion=Solus --libdir=/usr/lib64 --libexecdir=/usr/lib64 --with-system-zlib --enable-cet --enable-default-ssp --enable-shared --enable-threads=posix --enable-gnu-indirect-function --enable-__cxa_atexit --enable-plugin --enable-gold --enable-ld=default --enable-clocale=gnu --enable-multilib --with-multilib-list=m32,m64 --enable-lto --with-gcc-major-version-only --with-bugurl=https://dev.getsol.us/ --with-arch_32=i686 --enable-linker-build-id --with-linker-hash-style=gnu --with-gnu-ld --build=x86_64-solus-linux --target=x86_64-solus-linux --enable-languages=c,c++,fortran
Thread model: posix
Supported LTO compression algorithms: zlib
gcc version 10.3.0 (Solus) 
COLLECT_GCC_OPTIONS='-v' '-o' 'CMakeFiles/cmTC_1c083.dir/CMakeCCompilerABI.c.o' '-c' '-mtune=generic' '-march=x86-64'
 /usr/lib64/gcc/x86_64-solus-linux/10/cc1 -quiet -v /home/solus-workstation/.local/share/JetBrains/Toolbox/apps/CLion/ch-0/212.4746.93/bin/cmake/linux/share/cmake-3.20/Modules/CMakeCCompilerABI.c -quiet -dumpbase CMakeCCompilerABI.c -mtune=generic -march=x86-64 -auxbase-strip CMakeFiles/cmTC_1c083.dir/CMakeCCompilerABI.c.o -version -o /tmp/ccHeTVVr.s
GNU C17 (Solus) version 10.3.0 (x86_64-solus-linux)
	compiled by GNU C version 10.3.0, GMP version 6.2.1, MPFR version 4.1.0, MPC version 1.2.1, isl version isl-0.21-GMP

GGC heuristics: --param ggc-min-expand=100 --param ggc-min-heapsize=131072
ignoring nonexistent directory "/usr/local/include"
ignoring nonexistent directory "/usr/lib64/gcc/x86_64-solus-linux/10/../../../../x86_64-solus-linux/include"
#include "..." search starts here:
#include <...> search starts here:
 /usr/lib64/gcc/x86_64-solus-linux/10/include
 /usr/lib64/gcc/x86_64-solus-linux/10/include-fixed
 /usr/include
End of search list.
GNU C17 (Solus) version 10.3.0 (x86_64-solus-linux)
	compiled by GNU C version 10.3.0, GMP version 6.2.1, MPFR version 4.1.0, MPC version 1.2.1, isl version isl-0.21-GMP

GGC heuristics: --param ggc-min-expand=100 --param ggc-min-heapsize=131072
Compiler executable checksum: c07b58db5523b3b83e23672002da8887
COLLECT_GCC_OPTIONS='-v' '-o' 'CMakeFiles/cmTC_1c083.dir/CMakeCCompilerABI.c.o' '-c' '-mtune=generic' '-march=x86-64'
 as -v --64 -o CMakeFiles/cmTC_1c083.dir/CMakeCCompilerABI.c.o /tmp/ccHeTVVr.s
GNU assembler version 2.36.1 (x86_64-solus-linux) using BFD version (GNU Binutils) 2.36.1
COMPILER_PATH=/usr/lib64/gcc/x86_64-solus-linux/10/:/usr/lib64/gcc/x86_64-solus-linux/10/:/usr/lib64/gcc/x86_64-solus-linux/:/usr/lib64/gcc/x86_64-solus-linux/10/:/usr/lib64/gcc/x86_64-solus-linux/
LIBRARY_PATH=/usr/lib64/gcc/x86_64-solus-linux/10/:/usr/lib64/gcc/x86_64-solus-linux/10/../../../../lib64/:/lib/../lib64/:/usr/lib/../lib64/:/usr/lib64/gcc/x86_64-solus-linux/10/../../../:/lib/:/usr/lib/
COLLECT_GCC_OPTIONS='-v' '-o' 'CMakeFiles/cmTC_1c083.dir/CMakeCCompilerABI.c.o' '-c' '-mtune=generic' '-march=x86-64'
Linking C executable cmTC_1c083
/home/solus-workstation/.local/share/JetBrains/Toolbox/apps/CLion/ch-0/212.4746.93/bin/cmake/linux/bin/cmake -E cmake_link_script CMakeFiles/cmTC_1c083.dir/link.txt --verbose=1
/usr/bin/cc  -v CMakeFiles/cmTC_1c083.dir/CMakeCCompilerABI.c.o -o cmTC_1c083 
Using built-in specs.
COLLECT_GCC=/usr/bin/cc
COLLECT_LTO_WRAPPER=/usr/lib64/gcc/x86_64-solus-linux/10/lto-wrapper
Target: x86_64-solus-linux
Configured with: ../configure --prefix=/usr --with-pkgversion=Solus --libdir=/usr/lib64 --libexecdir=/usr/lib64 --with-system-zlib --enable-cet --enable-default-ssp --enable-shared --enable-threads=posix --enable-gnu-indirect-function --enable-__cxa_atexit --enable-plugin --enable-gold --enable-ld=default --enable-clocale=gnu --enable-multilib --with-multilib-list=m32,m64 --enable-lto --with-gcc-major-version-only --with-bugurl=https://dev.getsol.us/ --with-arch_32=i686 --enable-linker-build-id --with-linker-hash-style=gnu --with-gnu-ld --build=x86_64-solus-linux --target=x86_64-solus-linux --enable-languages=c,c++,fortran
Thread model: posix
Supported LTO compression algorithms: zlib
gcc version 10.3.0 (Solus) 
COMPILER_PATH=/usr/lib64/gcc/x86_64-solus-linux/10/:/usr/lib64/gcc/x86_64-solus-linux/10/:/usr/lib64/gcc/x86_64-solus-linux/:/usr/lib64/gcc/x86_64-solus-linux/10/:/usr/lib64/gcc/x86_64-solus-linux/
LIBRARY_PATH=/usr/lib64/gcc/x86_64-solus-linux/10/:/usr/lib64/gcc/x86_64-solus-linux/10/../../../../lib64/:/lib/../lib64/:/usr/lib/../lib64/:/usr/lib64/gcc/x86_64-solus-linux/10/../../../:/lib/:/usr/lib/
COLLECT_GCC_OPTIONS='-v' '-o' 'cmTC_1c083' '-mtune=generic' '-march=x86-64'
 /usr/lib64/gcc/x86_64-solus-linux/10/collect2 -plugin /usr/lib64/gcc/x86_64-solus-linux/10/liblto_plugin.so -plugin-opt=/usr/lib64/gcc/x86_64-solus-linux/10/lto-wrapper -plugin-opt=-fresolution=/tmp/cc6A9U6O.res -plugin-opt=-pass-through=-lgcc -plugin-opt=-pass-through=-lgcc_s -plugin-opt=-pass-through=-lc -plugin-opt=-pass-through=-lgcc -plugin-opt=-pass-through=-lgcc_s --build-id --eh-frame-hdr --hash-style=gnu -m elf_x86_64 -dynamic-linker /usr/lib64/ld-linux-x86-64.so.2 -o cmTC_1c083 /usr/lib64/gcc/x86_64-solus-linux/10/../../../../lib64/crt1.o /usr/lib64/gcc/x86_64-solus-linux/10/../../../../lib64/crti.o /usr/lib64/gcc/x86_64-solus-linux/10/crtbegin.o -L/usr/lib64/gcc/x86_64-solus-linux/10 -L/usr/lib64/gcc/x86_64-solus-linux/10/../../../../lib64 -L/lib/../lib64 -L/usr/lib/../lib64 -L/usr/lib64/gcc/x86_64-solus-linux/10/../../.. CMakeFiles/cmTC_1c083.dir/CMakeCCompilerABI.c.o -lgcc --push-state --as-needed -lgcc_s --pop-state -lc -lgcc --push-state --as-needed -lgcc_s --pop-state /usr/lib64/gcc/x86_64-solus-linux/10/crtend.o /usr/lib64/gcc/x86_64-solus-linux/10/../../../../lib64/crtn.o
COLLECT_GCC_OPTIONS='-v' '-o' 'cmTC_1c083' '-mtune=generic' '-march=x86-64'
gmake[1]: Leaving directory '/home/solus-workstation/CLionProjects/untitled2/cmake-build-debug/CMakeFiles/CMakeTmp'



Parsed C implicit include dir info from above output: rv=done
  found start of include info
  found start of implicit include info
    add: [/usr/lib64/gcc/x86_64-solus-linux/10/include]
    add: [/usr/lib64/gcc/x86_64-solus-linux/10/include-fixed]
    add: [/usr/include]
  end of search list found
  collapse include dir [/usr/lib64/gcc/x86_64-solus-linux/10/include] ==> [/usr/lib64/gcc/x86_64-solus-linux/10/include]
  collapse include dir [/usr/lib64/gcc/x86_64-solus-linux/10/include-fixed] ==> [/usr/lib64/gcc/x86_64-solus-linux/10/include-fixed]
  collapse include dir [/usr/include] ==> [/usr/include]
  implicit include dirs: [/usr/lib64/gcc/x86_64-solus-linux/10/include;/usr/lib64/gcc/x86_64-solus-linux/10/include-fixed;/usr/include]


Parsed C implicit link information from above output:
  link line regex: [^( *|.*[/\])(ld|CMAKE_LINK_STARTFILE-NOTFOUND|([^/\]+-)?ld|collect2)[^/\]*( |$)]
  ignore line: [Change Dir: /home/solus-workstation/CLionProjects/untitled2/cmake-build-debug/CMakeFiles/CMakeTmp]
  ignore line: []
  ignore line: [Run Build Command(s):/usr/bin/gmake -f Makefile cmTC_1c083/fast && /usr/bin/gmake  -f CMakeFiles/cmTC_1c083.dir/build.make CMakeFiles/cmTC_1c083.dir/build]
  ignore line: [gmake[1]: Entering directory '/home/solus-workstation/CLionProjects/untitled2/cmake-build-debug/CMakeFiles/CMakeTmp']
  ignore line: [Building C object CMakeFiles/cmTC_1c083.dir/CMakeCCompilerABI.c.o]
  ignore line: [/usr/bin/cc   -v -o CMakeFiles/cmTC_1c083.dir/CMakeCCompilerABI.c.o -c /home/solus-workstation/.local/share/JetBrains/Toolbox/apps/CLion/ch-0/212.4746.93/bin/cmake/linux/share/cmake-3.20/Modules/CMakeCCompilerABI.c]
  ignore line: [Using built-in specs.]
  ignore line: [COLLECT_GCC=/usr/bin/cc]
  ignore line: [Target: x86_64-solus-linux]
  ignore line: [Configured with: ../configure --prefix=/usr --with-pkgversion=Solus --libdir=/usr/lib64 --libexecdir=/usr/lib64 --with-system-zlib --enable-cet --enable-default-ssp --enable-shared --enable-threads=posix --enable-gnu-indirect-function --enable-__cxa_atexit --enable-plugin --enable-gold --enable-ld=default --enable-clocale=gnu --enable-multilib --with-multilib-list=m32,m64 --enable-lto --with-gcc-major-version-only --with-bugurl=https://dev.getsol.us/ --with-arch_32=i686 --enable-linker-build-id --with-linker-hash-style=gnu --with-gnu-ld --build=x86_64-solus-linux --target=x86_64-solus-linux --enable-languages=c,c++,fortran]
  ignore line: [Thread model: posix]
  ignore line: [Supported LTO compression algorithms: zlib]
  ignore line: [gcc version 10.3.0 (Solus) ]
  ignore line: [COLLECT_GCC_OPTIONS='-v' '-o' 'CMakeFiles/cmTC_1c083.dir/CMakeCCompilerABI.c.o' '-c' '-mtune=generic' '-march=x86-64']
  ignore line: [ /usr/lib64/gcc/x86_64-solus-linux/10/cc1 -quiet -v /home/solus-workstation/.local/share/JetBrains/Toolbox/apps/CLion/ch-0/212.4746.93/bin/cmake/linux/share/cmake-3.20/Modules/CMakeCCompilerABI.c -quiet -dumpbase CMakeCCompilerABI.c -mtune=generic -march=x86-64 -auxbase-strip CMakeFiles/cmTC_1c083.dir/CMakeCCompilerABI.c.o -version -o /tmp/ccHeTVVr.s]
  ignore line: [GNU C17 (Solus) version 10.3.0 (x86_64-solus-linux)]
  ignore line: [	compiled by GNU C version 10.3.0  GMP version 6.2.1  MPFR version 4.1.0  MPC version 1.2.1  isl version isl-0.21-GMP]
  ignore line: []
  ignore line: [GGC heuristics: --param ggc-min-expand=100 --param ggc-min-heapsize=131072]
  ignore line: [ignoring nonexistent directory "/usr/local/include"]
  ignore line: [ignoring nonexistent directory "/usr/lib64/gcc/x86_64-solus-linux/10/../../../../x86_64-solus-linux/include"]
  ignore line: [#include "..." search starts here:]
  ignore line: [#include <...> search starts here:]
  ignore line: [ /usr/lib64/gcc/x86_64-solus-linux/10/include]
  ignore line: [ /usr/lib64/gcc/x86_64-solus-linux/10/include-fixed]
  ignore line: [ /usr/include]
  ignore line: [End of search list.]
  ignore line: [GNU C17 (Solus) version 10.3.0 (x86_64-solus-linux)]
  ignore line: [	compiled by GNU C version 10.3.0  GMP version 6.2.1  MPFR version 4.1.0  MPC version 1.2.1  isl version isl-0.21-GMP]
  ignore line: []
  ignore line: [GGC heuristics: --param ggc-min-expand=100 --param ggc-min-heapsize=131072]
  ignore line: [Compiler executable checksum: c07b58db5523b3b83e23672002da8887]
  ignore line: [COLLECT_GCC_OPTIONS='-v' '-o' 'CMakeFiles/cmTC_1c083.dir/CMakeCCompilerABI.c.o' '-c' '-mtune=generic' '-march=x86-64']
  ignore line: [ as -v --64 -o CMakeFiles/cmTC_1c083.dir/CMakeCCompilerABI.c.o /tmp/ccHeTVVr.s]
  ignore line: [GNU assembler version 2.36.1 (x86_64-solus-linux) using BFD version (GNU Binutils) 2.36.1]
  ignore line: [COMPILER_PATH=/usr/lib64/gcc/x86_64-solus-linux/10/:/usr/lib64/gcc/x86_64-solus-linux/10/:/usr/lib64/gcc/x86_64-solus-linux/:/usr/lib64/gcc/x86_64-solus-linux/10/:/usr/lib64/gcc/x86_64-solus-linux/]
  ignore line: [LIBRARY_PATH=/usr/lib64/gcc/x86_64-solus-linux/10/:/usr/lib64/gcc/x86_64-solus-linux/10/../../../../lib64/:/lib/../lib64/:/usr/lib/../lib64/:/usr/lib64/gcc/x86_64-solus-linux/10/../../../:/lib/:/usr/lib/]
  ignore line: [COLLECT_GCC_OPTIONS='-v' '-o' 'CMakeFiles/cmTC_1c083.dir/CMakeCCompilerABI.c.o' '-c' '-mtune=generic' '-march=x86-64']
  ignore line: [Linking C executable cmTC_1c083]
  ignore line: [/home/solus-workstation/.local/share/JetBrains/Toolbox/apps/CLion/ch-0/212.4746.93/bin/cmake/linux/bin/cmake -E cmake_link_script CMakeFiles/cmTC_1c083.dir/link.txt --verbose=1]
  ignore line: [/usr/bin/cc  -v CMakeFiles/cmTC_1c083.dir/CMakeCCompilerABI.c.o -o cmTC_1c083 ]
  ignore line: [Using built-in specs.]
  ignore line: [COLLECT_GCC=/usr/bin/cc]
  ignore line: [COLLECT_LTO_WRAPPER=/usr/lib64/gcc/x86_64-solus-linux/10/lto-wrapper]
  ignore line: [Target: x86_64-solus-linux]
  ignore line: [Configured with: ../configure --prefix=/usr --with-pkgversion=Solus --libdir=/usr/lib64 --libexecdir=/usr/lib64 --with-system-zlib --enable-cet --enable-default-ssp --enable-shared --enable-threads=posix --enable-gnu-indirect-function --enable-__cxa_atexit --enable-plugin --enable-gold --enable-ld=default --enable-clocale=gnu --enable-multilib --with-multilib-list=m32,m64 --enable-lto --with-gcc-major-version-only --with-bugurl=https://dev.getsol.us/ --with-arch_32=i686 --enable-linker-build-id --with-linker-hash-style=gnu --with-gnu-ld --build=x86_64-solus-linux --target=x86_64-solus-linux --enable-languages=c,c++,fortran]
  ignore line: [Thread model: posix]
  ignore line: [Supported LTO compression algorithms: zlib]
  ignore line: [gcc version 10.3.0 (Solus) ]
  ignore line: [COMPILER_PATH=/usr/lib64/gcc/x86_64-solus-linux/10/:/usr/lib64/gcc/x86_64-solus-linux/10/:/usr/lib64/gcc/x86_64-solus-linux/:/usr/lib64/gcc/x86_64-solus-linux/10/:/usr/lib64/gcc/x86_64-solus-linux/]
  ignore line: [LIBRARY_PATH=/usr/lib64/gcc/x86_64-solus-linux/10/:/usr/lib64/gcc/x86_64-solus-linux/10/../../../../lib64/:/lib/../lib64/:/usr/lib/../lib64/:/usr/lib64/gcc/x86_64-solus-linux/10/../../../:/lib/:/usr/lib/]
  ignore line: [COLLECT_GCC_OPTIONS='-v' '-o' 'cmTC_1c083' '-mtune=generic' '-march=x86-64']
  link line: [ /usr/lib64/gcc/x86_64-solus-linux/10/collect2 -plugin /usr/lib64/gcc/x86_64-solus-linux/10/liblto_plugin.so -plugin-opt=/usr/lib64/gcc/x86_64-solus-linux/10/lto-wrapper -plugin-opt=-fresolution=/tmp/cc6A9U6O.res -plugin-opt=-pass-through=-lgcc -plugin-opt=-pass-through=-lgcc_s -plugin-opt=-pass-through=-lc -plugin-opt=-pass-through=-lgcc -plugin-opt=-pass-through=-lgcc_s --build-id --eh-frame-hdr --hash-style=gnu -m elf_x86_64 -dynamic-linker /usr/lib64/ld-linux-x86-64.so.2 -o cmTC_1c083 /usr/lib64/gcc/x86_64-solus-linux/10/../../../../lib64/crt1.o /usr/lib64/gcc/x86_64-solus-linux/10/../../../../lib64/crti.o /usr/lib64/gcc/x86_64-solus-linux/10/crtbegin.o -L/usr/lib64/gcc/x86_64-solus-linux/10 -L/usr/lib64/gcc/x86_64-solus-linux/10/../../../../lib64 -L/lib/../lib64 -L/usr/lib/../lib64 -L/usr/lib64/gcc/x86_64-solus-linux/10/../../.. CMakeFiles/cmTC_1c083.dir/CMakeCCompilerABI.c.o -lgcc --push-state --as-needed -lgcc_s --pop-state -lc -lgcc --push-state --as-needed -lgcc_s --pop-state /usr/lib64/gcc/x86_64-solus-linux/10/crtend.o /usr/lib64/gcc/x86_64-solus-linux/10/../../../../lib64/crtn.o]
    arg [/usr/lib64/gcc/x86_64-solus-linux/10/collect2] ==> ignore
    arg [-plugin] ==> ignore
    arg [/usr/lib64/gcc/x86_64-solus-linux/10/liblto_plugin.so] ==> ignore
    arg [-plugin-opt=/usr/lib64/gcc/x86_64-solus-linux/10/lto-wrapper] ==> ignore
    arg [-plugin-opt=-fresolution=/tmp/cc6A9U6O.res] ==> ignore
    arg [-plugin-opt=-pass-through=-lgcc] ==> ignore
    arg [-plugin-opt=-pass-through=-lgcc_s] ==> ignore
    arg [-plugin-opt=-pass-through=-lc] ==> ignore
    arg [-plugin-opt=-pass-through=-lgcc] ==> ignore
    arg [-plugin-opt=-pass-through=-lgcc_s] ==> ignore
    arg [--build-id] ==> ignore
    arg [--eh-frame-hdr] ==> ignore
    arg [--hash-style=gnu] ==> ignore
    arg [-m] ==> ignore
    arg [elf_x86_64] ==> ignore
    arg [-dynamic-linker] ==> ignore
    arg [/usr/lib64/ld-linux-x86-64.so.2] ==> ignore
    arg [-o] ==> ignore
    arg [cmTC_1c083] ==> ignore
    arg [/usr/lib64/gcc/x86_64-solus-linux/10/../../../../lib64/crt1.o] ==> obj [/usr/lib64/gcc/x86_64-solus-linux/10/../../../../lib64/crt1.o]
    arg [/usr/lib64/gcc/x86_64-solus-linux/10/../../../../lib64/crti.o] ==> obj [/usr/lib64/gcc/x86_64-solus-linux/10/../../../../lib64/crti.o]
    arg [/usr/lib64/gcc/x86_64-solus-linux/10/crtbegin.o] ==> obj [/usr/lib64/gcc/x86_64-solus-linux/10/crtbegin.o]
    arg [-L/usr/lib64/gcc/x86_64-solus-linux/10] ==> dir [/usr/lib64/gcc/x86_64-solus-linux/10]
    arg [-L/usr/lib64/gcc/x86_64-solus-linux/10/../../../../lib64] ==> dir [/usr/lib64/gcc/x86_64-solus-linux/10/../../../../lib64]
    arg [-L/lib/../lib64] ==> dir [/lib/../lib64]
    arg [-L/usr/lib/../lib64] ==> dir [/usr/lib/../lib64]
    arg [-L/usr/lib64/gcc/x86_64-solus-linux/10/../../..] ==> dir [/usr/lib64/gcc/x86_64-solus-linux/10/../../..]
    arg [CMakeFiles/cmTC_1c083.dir/CMakeCCompilerABI.c.o] ==> ignore
    arg [-lgcc] ==> lib [gcc]
    arg [--push-state] ==> ignore
    arg [--as-needed] ==> ignore
    arg [-lgcc_s] ==> lib [gcc_s]
    arg [--pop-state] ==> ignore
    arg [-lc] ==> lib [c]
    arg [-lgcc] ==> lib [gcc]
    arg [--push-state] ==> ignore
    arg [--as-needed] ==> ignore
    arg [-lgcc_s] ==> lib [gcc_s]
    arg [--pop-state] ==> ignore
    arg [/usr/lib64/gcc/x86_64-solus-linux/10/crtend.o] ==> obj [/usr/lib64/gcc/x86_64-solus-linux/10/crtend.o]
    arg [/usr/lib64/gcc/x86_64-solus-linux/10/../../../../lib64/crtn.o] ==> obj [/usr/lib64/gcc/x86_64-solus-linux/10/../../../../lib64/crtn.o]
  collapse obj [/usr/lib64/gcc/x86_64-solus-linux/10/../../../../lib64/crt1.o] ==> [/usr/lib64/crt1.o]
  collapse obj [/usr/lib64/gcc/x86_64-solus-linux/10/../../../../lib64/crti.o] ==> [/usr/lib64/crti.o]
  collapse obj [/usr/lib64/gcc/x86_64-solus-linux/10/../../../../lib64/crtn.o] ==> [/usr/lib64/crtn.o]
  collapse library dir [/usr/lib64/gcc/x86_64-solus-linux/10] ==> [/usr/lib64/gcc/x86_64-solus-linux/10]
  collapse library dir [/usr/lib64/gcc/x86_64-solus-linux/10/../../../../lib64] ==> [/usr/lib64]
  collapse library dir [/lib/../lib64] ==> [/lib64]
  collapse library dir [/usr/lib/../lib64] ==> [/usr/lib64]
  collapse library dir [/usr/lib64/gcc/x86_64-solus-linux/10/../../..] ==> [/usr/lib64]
  implicit libs: [gcc;gcc_s;c;gcc;gcc_s]
  implicit objs: [/usr/lib64/crt1.o;/usr/lib64/crti.o;/usr/lib64/gcc/x86_64-solus-linux/10/crtbegin.o;/usr/lib64/gcc/x86_64-solus-linux/10/crtend.o;/usr/lib64/crtn.o]
  implicit dirs: [/usr/lib64/gcc/x86_64-solus-linux/10;/usr/lib64;/lib64]
  implicit fwks: []


Detecting CXX compiler ABI info compiled with the following output:
Change Dir: /home/solus-workstation/CLionProjects/untitled2/cmake-build-debug/CMakeFiles/CMakeTmp

Run Build Command(s):/usr/bin/gmake -f Makefile cmTC_44402/fast && /usr/bin/gmake  -f CMakeFiles/cmTC_44402.dir/build.make CMakeFiles/cmTC_44402.dir/build
gmake[1]: Entering directory '/home/solus-workstation/CLionProjects/untitled2/cmake-build-debug/CMakeFiles/CMakeTmp'
Building CXX object CMakeFiles/cmTC_44402.dir/CMakeCXXCompilerABI.cpp.o
/usr/bin/c++   -v -o CMakeFiles/cmTC_44402.dir/CMakeCXXCompilerABI.cpp.o -c /home/solus-workstation/.local/share/JetBrains/Toolbox/apps/CLion/ch-0/212.4746.93/bin/cmake/linux/share/cmake-3.20/Modules/CMakeCXXCompilerABI.cpp
Using built-in specs.
COLLECT_GCC=/usr/bin/c++
Target: x86_64-solus-linux
Configured with: ../configure --prefix=/usr --with-pkgversion=Solus --libdir=/usr/lib64 --libexecdir=/usr/lib64 --with-system-zlib --enable-cet --enable-default-ssp --enable-shared --enable-threads=posix --enable-gnu-indirect-function --enable-__cxa_atexit --enable-plugin --enable-gold --enable-ld=default --enable-clocale=gnu --enable-multilib --with-multilib-list=m32,m64 --enable-lto --with-gcc-major-version-only --with-bugurl=https://dev.getsol.us/ --with-arch_32=i686 --enable-linker-build-id --with-linker-hash-style=gnu --with-gnu-ld --build=x86_64-solus-linux --target=x86_64-solus-linux --enable-languages=c,c++,fortran
Thread model: posix
Supported LTO compression algorithms: zlib
gcc version 10.3.0 (Solus) 
COLLECT_GCC_OPTIONS='-v' '-o' 'CMakeFiles/cmTC_44402.dir/CMakeCXXCompilerABI.cpp.o' '-c' '-shared-libgcc' '-mtune=generic' '-march=x86-64'
 /usr/lib64/gcc/x86_64-solus-linux/10/cc1plus -quiet -v -D_GNU_SOURCE /home/solus-workstation/.local/share/JetBrains/Toolbox/apps/CLion/ch-0/212.4746.93/bin/cmake/linux/share/cmake-3.20/Modules/CMakeCXXCompilerABI.cpp -quiet -dumpbase CMakeCXXCompilerABI.cpp -mtune=generic -march=x86-64 -auxbase-strip CMakeFiles/cmTC_44402.dir/CMakeCXXCompilerABI.cpp.o -version -o /tmp/cchPMXTj.s
GNU C++14 (Solus) version 10.3.0 (x86_64-solus-linux)
	compiled by GNU C version 10.3.0, GMP version 6.2.1, MPFR version 4.1.0, MPC version 1.2.1, isl version isl-0.21-GMP

GGC heuristics: --param ggc-min-expand=100 --param ggc-min-heapsize=131072
ignoring nonexistent directory "/usr/local/include"
ignoring nonexistent directory "/usr/lib64/gcc/x86_64-solus-linux/10/../../../../x86_64-solus-linux/include"
#include "..." search starts here:
#include <...> search starts here:
 /usr/lib64/gcc/x86_64-solus-linux/10/../../../../include/c++/10
 /usr/lib64/gcc/x86_64-solus-linux/10/../../../../include/c++/10/x86_64-solus-linux
 /usr/lib64/gcc/x86_64-solus-linux/10/../../../../include/c++/10/backward
 /usr/lib64/gcc/x86_64-solus-linux/10/include
 /usr/lib64/gcc/x86_64-solus-linux/10/include-fixed
 /usr/include
End of search list.
GNU C++14 (Solus) version 10.3.0 (x86_64-solus-linux)
	compiled by GNU C version 10.3.0, GMP version 6.2.1, MPFR version 4.1.0, MPC version 1.2.1, isl version isl-0.21-GMP

GGC heuristics: --param ggc-min-expand=100 --param ggc-min-heapsize=131072
Compiler executable checksum: fe924145c93f11028759d97f46f87fe7
COLLECT_GCC_OPTIONS='-v' '-o' 'CMakeFiles/cmTC_44402.dir/CMakeCXXCompilerABI.cpp.o' '-c' '-shared-libgcc' '-mtune=generic' '-march=x86-64'
 as -v --64 -o CMakeFiles/cmTC_44402.dir/CMakeCXXCompilerABI.cpp.o /tmp/cchPMXTj.s
GNU assembler version 2.36.1 (x86_64-solus-linux) using BFD version (GNU Binutils) 2.36.1
COMPILER_PATH=/usr/lib64/gcc/x86_64-solus-linux/10/:/usr/lib64/gcc/x86_64-solus-linux/10/:/usr/lib64/gcc/x86_64-solus-linux/:/usr/lib64/gcc/x86_64-solus-linux/10/:/usr/lib64/gcc/x86_64-solus-linux/
LIBRARY_PATH=/usr/lib64/gcc/x86_64-solus-linux/10/:/usr/lib64/gcc/x86_64-solus-linux/10/../../../../lib64/:/lib/../lib64/:/usr/lib/../lib64/:/usr/lib64/gcc/x86_64-solus-linux/10/../../../:/lib/:/usr/lib/
COLLECT_GCC_OPTIONS='-v' '-o' 'CMakeFiles/cmTC_44402.dir/CMakeCXXCompilerABI.cpp.o' '-c' '-shared-libgcc' '-mtune=generic' '-march=x86-64'
Linking CXX executable cmTC_44402
/home/solus-workstation/.local/share/JetBrains/Toolbox/apps/CLion/ch-0/212.4746.93/bin/cmake/linux/bin/cmake -E cmake_link_script CMakeFiles/cmTC_44402.dir/link.txt --verbose=1
/usr/bin/c++  -v CMakeFiles/cmTC_44402.dir/CMakeCXXCompilerABI.cpp.o -o cmTC_44402 
Using built-in specs.
COLLECT_GCC=/usr/bin/c++
COLLECT_LTO_WRAPPER=/usr/lib64/gcc/x86_64-solus-linux/10/lto-wrapper
Target: x86_64-solus-linux
Configured with: ../configure --prefix=/usr --with-pkgversion=Solus --libdir=/usr/lib64 --libexecdir=/usr/lib64 --with-system-zlib --enable-cet --enable-default-ssp --enable-shared --enable-threads=posix --enable-gnu-indirect-function --enable-__cxa_atexit --enable-plugin --enable-gold --enable-ld=default --enable-clocale=gnu --enable-multilib --with-multilib-list=m32,m64 --enable-lto --with-gcc-major-version-only --with-bugurl=https://dev.getsol.us/ --with-arch_32=i686 --enable-linker-build-id --with-linker-hash-style=gnu --with-gnu-ld --build=x86_64-solus-linux --target=x86_64-solus-linux --enable-languages=c,c++,fortran
Thread model: posix
Supported LTO compression algorithms: zlib
gcc version 10.3.0 (Solus) 
COMPILER_PATH=/usr/lib64/gcc/x86_64-solus-linux/10/:/usr/lib64/gcc/x86_64-solus-linux/10/:/usr/lib64/gcc/x86_64-solus-linux/:/usr/lib64/gcc/x86_64-solus-linux/10/:/usr/lib64/gcc/x86_64-solus-linux/
LIBRARY_PATH=/usr/lib64/gcc/x86_64-solus-linux/10/:/usr/lib64/gcc/x86_64-solus-linux/10/../../../../lib64/:/lib/../lib64/:/usr/lib/../lib64/:/usr/lib64/gcc/x86_64-solus-linux/10/../../../:/lib/:/usr/lib/
COLLECT_GCC_OPTIONS='-v' '-o' 'cmTC_44402' '-shared-libgcc' '-mtune=generic' '-march=x86-64'
 /usr/lib64/gcc/x86_64-solus-linux/10/collect2 -plugin /usr/lib64/gcc/x86_64-solus-linux/10/liblto_plugin.so -plugin-opt=/usr/lib64/gcc/x86_64-solus-linux/10/lto-wrapper -plugin-opt=-fresolution=/tmp/ccaZospQ.res -plugin-opt=-pass-through=-lgcc_s -plugin-opt=-pass-through=-lgcc -plugin-opt=-pass-through=-lc -plugin-opt=-pass-through=-lgcc_s -plugin-opt=-pass-through=-lgcc --build-id --eh-frame-hdr --hash-style=gnu -m elf_x86_64 -dynamic-linker /usr/lib64/ld-linux-x86-64.so.2 -o cmTC_44402 /usr/lib64/gcc/x86_64-solus-linux/10/../../../../lib64/crt1.o /usr/lib64/gcc/x86_64-solus-linux/10/../../../../lib64/crti.o /usr/lib64/gcc/x86_64-solus-linux/10/crtbegin.o -L/usr/lib64/gcc/x86_64-solus-linux/10 -L/usr/lib64/gcc/x86_64-solus-linux/10/../../../../lib64 -L/lib/../lib64 -L/usr/lib/../lib64 -L/usr/lib64/gcc/x86_64-solus-linux/10/../../.. CMakeFiles/cmTC_44402.dir/CMakeCXXCompilerABI.cpp.o -lstdc++ -lm -lgcc_s -lgcc -lc -lgcc_s -lgcc /usr/lib64/gcc/x86_64-solus-linux/10/crtend.o /usr/lib64/gcc/x86_64-solus-linux/10/../../../../lib64/crtn.o
COLLECT_GCC_OPTIONS='-v' '-o' 'cmTC_44402' '-shared-libgcc' '-mtune=generic' '-march=x86-64'
gmake[1]: Leaving directory '/home/solus-workstation/CLionProjects/untitled2/cmake-build-debug/CMakeFiles/CMakeTmp'



Parsed CXX implicit include dir info from above output: rv=done
  found start of include info
  found start of implicit include info
    add: [/usr/lib64/gcc/x86_64-solus-linux/10/../../../../include/c++/10]
    add: [/usr/lib64/gcc/x86_64-solus-linux/10/../../../../include/c++/10/x86_64-solus-linux]
    add: [/usr/lib64/gcc/x86_64-solus-linux/10/../../../../include/c++/10/backward]
    add: [/usr/lib64/gcc/x86_64-solus-linux/10/include]
    add: [/usr/lib64/gcc/x86_64-solus-linux/10/include-fixed]
    add: [/usr/include]
  end of search list found
  collapse include dir [/usr/lib64/gcc/x86_64-solus-linux/10/../../../../include/c++/10] ==> [/usr/include/c++/10]
  collapse include dir [/usr/lib64/gcc/x86_64-solus-linux/10/../../../../include/c++/10/x86_64-solus-linux] ==> [/usr/include/c++/10/x86_64-solus-linux]
  collapse include dir [/usr/lib64/gcc/x86_64-solus-linux/10/../../../../include/c++/10/backward] ==> [/usr/include/c++/10/backward]
  collapse include dir [/usr/lib64/gcc/x86_64-solus-linux/10/include] ==> [/usr/lib64/gcc/x86_64-solus-linux/10/include]
  collapse include dir [/usr/lib64/gcc/x86_64-solus-linux/10/include-fixed] ==> [/usr/lib64/gcc/x86_64-solus-linux/10/include-fixed]
  collapse include dir [/usr/include] ==> [/usr/include]
  implicit include dirs: [/usr/include/c++/10;/usr/include/c++/10/x86_64-solus-linux;/usr/include/c++/10/backward;/usr/lib64/gcc/x86_64-solus-linux/10/include;/usr/lib64/gcc/x86_64-solus-linux/10/include-fixed;/usr/include]


Parsed CXX implicit link information from above output:
  link line regex: [^( *|.*[/\])(ld|CMAKE_LINK_STARTFILE-NOTFOUND|([^/\]+-)?ld|collect2)[^/\]*( |$)]
  ignore line: [Change Dir: /home/solus-workstation/CLionProjects/untitled2/cmake-build-debug/CMakeFiles/CMakeTmp]
  ignore line: []
  ignore line: [Run Build Command(s):/usr/bin/gmake -f Makefile cmTC_44402/fast && /usr/bin/gmake  -f CMakeFiles/cmTC_44402.dir/build.make CMakeFiles/cmTC_44402.dir/build]
  ignore line: [gmake[1]: Entering directory '/home/solus-workstation/CLionProjects/untitled2/cmake-build-debug/CMakeFiles/CMakeTmp']
  ignore line: [Building CXX object CMakeFiles/cmTC_44402.dir/CMakeCXXCompilerABI.cpp.o]
  ignore line: [/usr/bin/c++   -v -o CMakeFiles/cmTC_44402.dir/CMakeCXXCompilerABI.cpp.o -c /home/solus-workstation/.local/share/JetBrains/Toolbox/apps/CLion/ch-0/212.4746.93/bin/cmake/linux/share/cmake-3.20/Modules/CMakeCXXCompilerABI.cpp]
  ignore line: [Using built-in specs.]
  ignore line: [COLLECT_GCC=/usr/bin/c++]
  ignore line: [Target: x86_64-solus-linux]
  ignore line: [Configured with: ../configure --prefix=/usr --with-pkgversion=Solus --libdir=/usr/lib64 --libexecdir=/usr/lib64 --with-system-zlib --enable-cet --enable-default-ssp --enable-shared --enable-threads=posix --enable-gnu-indirect-function --enable-__cxa_atexit --enable-plugin --enable-gold --enable-ld=default --enable-clocale=gnu --enable-multilib --with-multilib-list=m32,m64 --enable-lto --with-gcc-major-version-only --with-bugurl=https://dev.getsol.us/ --with-arch_32=i686 --enable-linker-build-id --with-linker-hash-style=gnu --with-gnu-ld --build=x86_64-solus-linux --target=x86_64-solus-linux --enable-languages=c,c++,fortran]
  ignore line: [Thread model: posix]
  ignore line: [Supported LTO compression algorithms: zlib]
  ignore line: [gcc version 10.3.0 (Solus) ]
  ignore line: [COLLECT_GCC_OPTIONS='-v' '-o' 'CMakeFiles/cmTC_44402.dir/CMakeCXXCompilerABI.cpp.o' '-c' '-shared-libgcc' '-mtune=generic' '-march=x86-64']
  ignore line: [ /usr/lib64/gcc/x86_64-solus-linux/10/cc1plus -quiet -v -D_GNU_SOURCE /home/solus-workstation/.local/share/JetBrains/Toolbox/apps/CLion/ch-0/212.4746.93/bin/cmake/linux/share/cmake-3.20/Modules/CMakeCXXCompilerABI.cpp -quiet -dumpbase CMakeCXXCompilerABI.cpp -mtune=generic -march=x86-64 -auxbase-strip CMakeFiles/cmTC_44402.dir/CMakeCXXCompilerABI.cpp.o -version -o /tmp/cchPMXTj.s]
  ignore line: [GNU C++14 (Solus) version 10.3.0 (x86_64-solus-linux)]
  ignore line: [	compiled by GNU C version 10.3.0  GMP version 6.2.1  MPFR version 4.1.0  MPC version 1.2.1  isl version isl-0.21-GMP]
  ignore line: []
  ignore line: [GGC heuristics: --param ggc-min-expand=100 --param ggc-min-heapsize=131072]
  ignore line: [ignoring nonexistent directory "/usr/local/include"]
  ignore line: [ignoring nonexistent directory "/usr/lib64/gcc/x86_64-solus-linux/10/../../../../x86_64-solus-linux/include"]
  ignore line: [#include "..." search starts here:]
  ignore line: [#include <...> search starts here:]
  ignore line: [ /usr/lib64/gcc/x86_64-solus-linux/10/../../../../include/c++/10]
  ignore line: [ /usr/lib64/gcc/x86_64-solus-linux/10/../../../../include/c++/10/x86_64-solus-linux]
  ignore line: [ /usr/lib64/gcc/x86_64-solus-linux/10/../../../../include/c++/10/backward]
  ignore line: [ /usr/lib64/gcc/x86_64-solus-linux/10/include]
  ignore line: [ /usr/lib64/gcc/x86_64-solus-linux/10/include-fixed]
  ignore line: [ /usr/include]
  ignore line: [End of search list.]
  ignore line: [GNU C++14 (Solus) version 10.3.0 (x86_64-solus-linux)]
  ignore line: [	compiled by GNU C version 10.3.0  GMP version 6.2.1  MPFR version 4.1.0  MPC version 1.2.1  isl version isl-0.21-GMP]
  ignore line: []
  ignore line: [GGC heuristics: --param ggc-min-expand=100 --param ggc-min-heapsize=131072]
  ignore line: [Compiler executable checksum: fe924145c93f11028759d97f46f87fe7]
  ignore line: [COLLECT_GCC_OPTIONS='-v' '-o' 'CMakeFiles/cmTC_44402.dir/CMakeCXXCompilerABI.cpp.o' '-c' '-shared-libgcc' '-mtune=generic' '-march=x86-64']
  ignore line: [ as -v --64 -o CMakeFiles/cmTC_44402.dir/CMakeCXXCompilerABI.cpp.o /tmp/cchPMXTj.s]
  ignore line: [GNU assembler version 2.36.1 (x86_64-solus-linux) using BFD version (GNU Binutils) 2.36.1]
  ignore line: [COMPILER_PATH=/usr/lib64/gcc/x86_64-solus-linux/10/:/usr/lib64/gcc/x86_64-solus-linux/10/:/usr/lib64/gcc/x86_64-solus-linux/:/usr/lib64/gcc/x86_64-solus-linux/10/:/usr/lib64/gcc/x86_64-solus-linux/]
  ignore line: [LIBRARY_PATH=/usr/lib64/gcc/x86_64-solus-linux/10/:/usr/lib64/gcc/x86_64-solus-linux/10/../../../../lib64/:/lib/../lib64/:/usr/lib/../lib64/:/usr/lib64/gcc/x86_64-solus-linux/10/../../../:/lib/:/usr/lib/]
  ignore line: [COLLECT_GCC_OPTIONS='-v' '-o' 'CMakeFiles/cmTC_44402.dir/CMakeCXXCompilerABI.cpp.o' '-c' '-shared-libgcc' '-mtune=generic' '-march=x86-64']
  ignore line: [Linking CXX executable cmTC_44402]
  ignore line: [/home/solus-workstation/.local/share/JetBrains/Toolbox/apps/CLion/ch-0/212.4746.93/bin/cmake/linux/bin/cmake -E cmake_link_script CMakeFiles/cmTC_44402.dir/link.txt --verbose=1]
  ignore line: [/usr/bin/c++  -v CMakeFiles/cmTC_44402.dir/CMakeCXXCompilerABI.cpp.o -o cmTC_44402 ]
  ignore line: [Using built-in specs.]
  ignore line: [COLLECT_GCC=/usr/bin/c++]
  ignore line: [COLLECT_LTO_WRAPPER=/usr/lib64/gcc/x86_64-solus-linux/10/lto-wrapper]
  ignore line: [Target: x86_64-solus-linux]
  ignore line: [Configured with: ../configure --prefix=/usr --with-pkgversion=Solus --libdir=/usr/lib64 --libexecdir=/usr/lib64 --with-system-zlib --enable-cet --enable-default-ssp --enable-shared --enable-threads=posix --enable-gnu-indirect-function --enable-__cxa_atexit --enable-plugin --enable-gold --enable-ld=default --enable-clocale=gnu --enable-multilib --with-multilib-list=m32,m64 --enable-lto --with-gcc-major-version-only --with-bugurl=https://dev.getsol.us/ --with-arch_32=i686 --enable-linker-build-id --with-linker-hash-style=gnu --with-gnu-ld --build=x86_64-solus-linux --target=x86_64-solus-linux --enable-languages=c,c++,fortran]
  ignore line: [Thread model: posix]
  ignore line: [Supported LTO compression algorithms: zlib]
  ignore line: [gcc version 10.3.0 (Solus) ]
  ignore line: [COMPILER_PATH=/usr/lib64/gcc/x86_64-solus-linux/10/:/usr/lib64/gcc/x86_64-solus-linux/10/:/usr/lib64/gcc/x86_64-solus-linux/:/usr/lib64/gcc/x86_64-solus-linux/10/:/usr/lib64/gcc/x86_64-solus-linux/]
  ignore line: [LIBRARY_PATH=/usr/lib64/gcc/x86_64-solus-linux/10/:/usr/lib64/gcc/x86_64-solus-linux/10/../../../../lib64/:/lib/../lib64/:/usr/lib/../lib64/:/usr/lib64/gcc/x86_64-solus-linux/10/../../../:/lib/:/usr/lib/]
  ignore line: [COLLECT_GCC_OPTIONS='-v' '-o' 'cmTC_44402' '-shared-libgcc' '-mtune=generic' '-march=x86-64']
  link line: [ /usr/lib64/gcc/x86_64-solus-linux/10/collect2 -plugin /usr/lib64/gcc/x86_64-solus-linux/10/liblto_plugin.so -plugin-opt=/usr/lib64/gcc/x86_64-solus-linux/10/lto-wrapper -plugin-opt=-fresolution=/tmp/ccaZospQ.res -plugin-opt=-pass-through=-lgcc_s -plugin-opt=-pass-through=-lgcc -plugin-opt=-pass-through=-lc -plugin-opt=-pass-through=-lgcc_s -plugin-opt=-pass-through=-lgcc --build-id --eh-frame-hdr --hash-style=gnu -m elf_x86_64 -dynamic-linker /usr/lib64/ld-linux-x86-64.so.2 -o cmTC_44402 /usr/lib64/gcc/x86_64-solus-linux/10/../../../../lib64/crt1.o /usr/lib64/gcc/x86_64-solus-linux/10/../../../../lib64/crti.o /usr/lib64/gcc/x86_64-solus-linux/10/crtbegin.o -L/usr/lib64/gcc/x86_64-solus-linux/10 -L/usr/lib64/gcc/x86_64-solus-linux/10/../../../../lib64 -L/lib/../lib64 -L/usr/lib/../lib64 -L/usr/lib64/gcc/x86_64-solus-linux/10/../../.. CMakeFiles/cmTC_44402.dir/CMakeCXXCompilerABI.cpp.o -lstdc++ -lm -lgcc_s -lgcc -lc -lgcc_s -lgcc /usr/lib64/gcc/x86_64-solus-linux/10/crtend.o /usr/lib64/gcc/x86_64-solus-linux/10/../../../../lib64/crtn.o]
    arg [/usr/lib64/gcc/x86_64-solus-linux/10/collect2] ==> ignore
    arg [-plugin] ==> ignore
    arg [/usr/lib64/gcc/x86_64-solus-linux/10/liblto_plugin.so] ==> ignore
    arg [-plugin-opt=/usr/lib64/gcc/x86_64-solus-linux/10/lto-wrapper] ==> ignore
    arg [-plugin-opt=-fresolution=/tmp/ccaZospQ.res] ==> ignore
    arg [-plugin-opt=-pass-through=-lgcc_s] ==> ignore
    arg [-plugin-opt=-pass-through=-lgcc] ==> ignore
    arg [-plugin-opt=-pass-through=-lc] ==> ignore
    arg [-plugin-opt=-pass-through=-lgcc_s] ==> ignore
    arg [-plugin-opt=-pass-through=-lgcc] ==> ignore
    arg [--build-id] ==> ignore
    arg [--eh-frame-hdr] ==> ignore
    arg [--hash-style=gnu] ==> ignore
    arg [-m] ==> ignore
    arg [elf_x86_64] ==> ignore
    arg [-dynamic-linker] ==> ignore
    arg [/usr/lib64/ld-linux-x86-64.so.2] ==> ignore
    arg [-o] ==> ignore
    arg [cmTC_44402] ==> ignore
    arg [/usr/lib64/gcc/x86_64-solus-linux/10/../../../../lib64/crt1.o] ==> obj [/usr/lib64/gcc/x86_64-solus-linux/10/../../../../lib64/crt1.o]
    arg [/usr/lib64/gcc/x86_64-solus-linux/10/../../../../lib64/crti.o] ==> obj [/usr/lib64/gcc/x86_64-solus-linux/10/../../../../lib64/crti.o]
    arg [/usr/lib64/gcc/x86_64-solus-linux/10/crtbegin.o] ==> obj [/usr/lib64/gcc/x86_64-solus-linux/10/crtbegin.o]
    arg [-L/usr/lib64/gcc/x86_64-solus-linux/10] ==> dir [/usr/lib64/gcc/x86_64-solus-linux/10]
    arg [-L/usr/lib64/gcc/x86_64-solus-linux/10/../../../../lib64] ==> dir [/usr/lib64/gcc/x86_64-solus-linux/10/../../../../lib64]
    arg [-L/lib/../lib64] ==> dir [/lib/../lib64]
    arg [-L/usr/lib/../lib64] ==> dir [/usr/lib/../lib64]
    arg [-L/usr/lib64/gcc/x86_64-solus-linux/10/../../..] ==> dir [/usr/lib64/gcc/x86_64-solus-linux/10/../../..]
    arg [CMakeFiles/cmTC_44402.dir/CMakeCXXCompilerABI.cpp.o] ==> ignore
    arg [-lstdc++] ==> lib [stdc++]
    arg [-lm] ==> lib [m]
    arg [-lgcc_s] ==> lib [gcc_s]
    arg [-lgcc] ==> lib [gcc]
    arg [-lc] ==> lib [c]
    arg [-lgcc_s] ==> lib [gcc_s]
    arg [-lgcc] ==> lib [gcc]
    arg [/usr/lib64/gcc/x86_64-solus-linux/10/crtend.o] ==> obj [/usr/lib64/gcc/x86_64-solus-linux/10/crtend.o]
    arg [/usr/lib64/gcc/x86_64-solus-linux/10/../../../../lib64/crtn.o] ==> obj [/usr/lib64/gcc/x86_64-solus-linux/10/../../../../lib64/crtn.o]
  collapse obj [/usr/lib64/gcc/x86_64-solus-linux/10/../../../../lib64/crt1.o] ==> [/usr/lib64/crt1.o]
  collapse obj [/usr/lib64/gcc/x86_64-solus-linux/10/../../../../lib64/crti.o] ==> [/usr/lib64/crti.o]
  collapse obj [/usr/lib64/gcc/x86_64-solus-linux/10/../../../../lib64/crtn.o] ==> [/usr/lib64/crtn.o]
  collapse library dir [/usr/lib64/gcc/x86_64-solus-linux/10] ==> [/usr/lib64/gcc/x86_64-solus-linux/10]
  collapse library dir [/usr/lib64/gcc/x86_64-solus-linux/10/../../../../lib64] ==> [/usr/lib64]
  collapse library dir [/lib/../lib64] ==> [/lib64]
  collapse library dir [/usr/lib/../lib64] ==> [/usr/lib64]
  collapse library dir [/usr/lib64/gcc/x86_64-solus-linux/10/../../..] ==> [/usr/lib64]
  implicit libs: [stdc++;m;gcc_s;gcc;c;gcc_s;gcc]
  implicit objs: [/usr/lib64/crt1.o;/usr/lib64/crti.o;/usr/lib64/gcc/x86_64-solus-linux/10/crtbegin.o;/usr/lib64/gcc/x86_64-solus-linux/10/crtend.o;/usr/lib64/crtn.o]
  implicit dirs: [/usr/lib64/gcc/x86_64-solus-linux/10;/usr/lib64;/lib64]
  implicit fwks: []


